<?xml version="1.0" encoding="UTF-8"?>
<!-- Generated by org.testng.reporters.JUnitReportReporter -->
<testsuite hostname="DDC2-D-6GP96BS" name="com.merlin.test.HomePageValidationTests" tests="5" failures="0" timestamp="8 Oct 2015 13:21:30 GMT" time="597.076" errors="0">
  <testcase name="testGlobalNewsArticleValidation" time="127.818" classname="com.merlin.test.HomePageValidationTests"/>
  <testcase name="testHotelPerformanceCTAValidation" time="78.781" classname="com.merlin.test.HomePageValidationTests"/>
  <testcase name="testHomePageDisplayValidation" time="67.905" classname="com.merlin.test.HomePageValidationTests"/>
  <testcase name="testNotificationsPortletValidation" time="187.444" classname="com.merlin.test.HomePageValidationTests"/>
  <testcase name="testRegionalNewsArticleValidation" time="135.128" classname="com.merlin.test.HomePageValidationTests"/>
</testsuite> <!-- com.merlin.test.HomePageValidationTests -->
