<?xml version="1.0" encoding="UTF-8"?>
<!-- Generated by org.testng.reporters.JUnitReportReporter -->
<testsuite hostname="DDC2-D-6GP96BS" name="com.merlin.test.NewsRoomValidationTests" tests="2" failures="0" timestamp="8 Oct 2015 13:21:30 GMT" time="135.330" errors="0">
  <testcase name="testNewsRoomMostCommentedValidation" time="79.958" classname="com.merlin.test.NewsRoomValidationTests"/>
  <testcase name="testNewsRoomTabsAndSearchValidation" time="55.372" classname="com.merlin.test.NewsRoomValidationTests"/>
</testsuite> <!-- com.merlin.test.NewsRoomValidationTests -->
