<?xml version="1.0" encoding="UTF-8"?>
<!-- Generated by org.testng.reporters.JUnitReportReporter -->
<testsuite hostname="DDC2-D-6GP96BS" name="com.merlin.test.EventsAndConfrencesValidationTests" tests="5" failures="0" timestamp="8 Oct 2015 13:21:30 GMT" time="336.032" errors="0">
  <testcase name="testEventVideoPortlet" time="77.829" classname="com.merlin.test.EventsAndConfrencesValidationTests"/>
  <testcase name="testEventNewsDetails" time="77.038" classname="com.merlin.test.EventsAndConfrencesValidationTests"/>
  <testcase name="testPageComponents" time="57.301" classname="com.merlin.test.EventsAndConfrencesValidationTests"/>
  <testcase name="testEventContentsAndSecondaryNavigation" time="58.121" classname="com.merlin.test.EventsAndConfrencesValidationTests"/>
  <testcase name="testVideoPlayerComponents" time="65.743" classname="com.merlin.test.EventsAndConfrencesValidationTests"/>
</testsuite> <!-- com.merlin.test.EventsAndConfrencesValidationTests -->
