<?xml version="1.0" encoding="UTF-8"?>
<!-- Generated by org.testng.reporters.JUnitReportReporter -->
<testsuite hostname="DDC2-D-6GP96BS" name="com.merlin.test.HelpAndSupportValidationTests" tests="6" failures="0" timestamp="8 Oct 2015 13:21:30 GMT" time="379.508" errors="0">
  <testcase name="testSupportTypesValidation" time="118.676" classname="com.merlin.test.HelpAndSupportValidationTests"/>
  <testcase name="testUserBasicInformationValidation" time="45.757" classname="com.merlin.test.HelpAndSupportValidationTests"/>
  <testcase name="testContentSupportValidation" time="54.004" classname="com.merlin.test.HelpAndSupportValidationTests"/>
  <testcase name="testPublisherSupportValidation" time="45.967" classname="com.merlin.test.HelpAndSupportValidationTests"/>
  <testcase name="testSupportPageDisplayValidation" time="68.763" classname="com.merlin.test.HelpAndSupportValidationTests"/>
  <testcase name="testApplicationSupportValidation" time="46.341" classname="com.merlin.test.HelpAndSupportValidationTests"/>
</testsuite> <!-- com.merlin.test.HelpAndSupportValidationTests -->
