<?xml version="1.0" encoding="UTF-8"?>
<!-- Generated by org.testng.reporters.JUnitReportReporter -->
<testsuite hostname="DDC2-D-6GP96BS" name="com.merlin.test.TeamspacesValidationTests" tests="1" failures="0" timestamp="8 Oct 2015 13:21:30 GMT" time="65.427" errors="0">
  <testcase name="testTeamspacesPageValidation" time="65.427" classname="com.merlin.test.TeamspacesValidationTests"/>
</testsuite> <!-- com.merlin.test.TeamspacesValidationTests -->
